<?xml version="1.0" encoding="UTF-8"?>
<!-- Generated by org.testng.reporters.JUnitReportReporter -->
<testsuite hostname="DESKTOP-CTNIRRU" failures="0" tests="2" name="testNGbasics.PIMTest" time="14.913" errors="0" timestamp="2025-08-07T08:40:41 IST" skipped="0">
  <testcase classname="testNGbasics.PIMTest" name="sectionTest" time="3.894"/>
  <testcase classname="testNGbasics.PIMTest" name="headerTest" time="11.019"/>
</testsuite> <!-- testNGbasics.PIMTest -->
