<?xml version="1.0" encoding="UTF-8"?>
<!-- Generated by org.testng.reporters.JUnitReportReporter -->
<testsuite hostname="DESKTOP-CTNIRRU" failures="0" tests="2" name="testNGbasics.TC1Learn" time="8.436" errors="0" timestamp="2025-08-05T08:07:56 IST" skipped="0">
  <testcase classname="testNGbasics.TC1Learn" name="test2" time="4.359"/>
  <testcase classname="testNGbasics.TC1Learn" name="test1" time="4.077"/>
</testsuite> <!-- testNGbasics.TC1Learn -->
