<?xml version="1.0" encoding="UTF-8"?>
<!-- Generated by org.testng.reporters.JUnitReportReporter -->
<testsuite hostname="DESKTOP-CTNIRRU" failures="0" tests="2" name="testNGbasics.BaseTestNGAnnotations" time="0.013" errors="0" timestamp="2025-08-02T08:34:19 IST" skipped="0">
  <testcase classname="testNGbasics.BaseTestNGAnnotations" name="test1" time="0.011"/>
  <testcase classname="testNGbasics.BaseTestNGAnnotations" name="test2" time="0.002"/>
</testsuite> <!-- testNGbasics.BaseTestNGAnnotations -->
