<?xml version="1.0" encoding="UTF-8"?>
<!-- Generated by org.testng.reporters.JUnitReportReporter -->
<testsuite hostname="DESKTOP-CTNIRRU" failures="0" tests="2" name="testNGbasics.DashBoardTests" time="7.344" errors="0" timestamp="2025-08-08T07:12:25 IST" skipped="0">
  <testcase classname="testNGbasics.DashBoardTests" name="test2" time="3.869"/>
  <testcase classname="testNGbasics.DashBoardTests" name="test1" time="3.475"/>
</testsuite> <!-- testNGbasics.DashBoardTests -->
