<?xml version="1.0" encoding="UTF-8"?>
<!-- Generated by org.testng.reporters.JUnitReportReporter -->
<testsuite hostname="DESKTOP-CTNIRRU" failures="0" tests="2" name="testNGbasics.TimeSheet" time="6.693" errors="0" timestamp="2025-08-08T07:12:25 IST" skipped="0">
  <testcase classname="testNGbasics.TimeSheet" name="headerTest" time="2.509"/>
  <testcase classname="testNGbasics.TimeSheet" name="sectionTest" time="4.184"/>
</testsuite> <!-- testNGbasics.TimeSheet -->
