<?xml version="1.0" encoding="UTF-8"?>
<!-- Generated by org.testng.reporters.JUnitReportReporter -->
<testsuite hostname="DESKTOP-CTNIRRU" failures="0" tests="9" name="testNGbasics.TestAnnotationDetailed" time="0.025" errors="0" timestamp="2025-08-08T07:12:25 IST" skipped="0">
  <testcase classname="testNGbasics.TestAnnotationDetailed" name="hello3" time="0.014"/>
  <testcase classname="testNGbasics.TestAnnotationDetailed" name="hello4" time="0.003"/>
  <testcase classname="testNGbasics.TestAnnotationDetailed" name="hello1" time="0.001"/>
  <testcase classname="testNGbasics.TestAnnotationDetailed" name="hello2" time="0.001"/>
  <testcase classname="testNGbasics.TestAnnotationDetailed" name="hello" time="0.001"/>
  <testcase classname="testNGbasics.TestAnnotationDetailed" name="hello" time="0.001"/>
  <testcase classname="testNGbasics.TestAnnotationDetailed" name="hello" time="0.002"/>
  <testcase classname="testNGbasics.TestAnnotationDetailed" name="hello" time="0.002"/>
  <testcase classname="testNGbasics.TestAnnotationDetailed" name="hello" time="0.000"/>
</testsuite> <!-- testNGbasics.TestAnnotationDetailed -->
