<?xml version="1.0" encoding="UTF-8"?>
<!-- Generated by org.testng.reporters.JUnitReportReporter -->
<testsuite hostname="DESKTOP-CTNIRRU" failures="0" tests="2" name="testNGbasics.DBPageToTimeSheetTC" time="4.532" errors="0" timestamp="2025-08-08T07:12:25 IST" skipped="0">
  <testcase classname="testNGbasics.DBPageToTimeSheetTC" name="headerTest" time="2.257"/>
  <testcase classname="testNGbasics.DBPageToTimeSheetTC" name="sectionTest" time="2.275"/>
</testsuite> <!-- testNGbasics.DBPageToTimeSheetTC -->
