<?xml version="1.0" encoding="UTF-8"?>
<!-- Generated by org.testng.reporters.JUnitReportReporter -->
<testsuite hostname="DESKTOP-CTNIRRU" failures="0" tests="2" name="pimTCs.PIMTest" time="24.720" errors="0" timestamp="2025-08-17T07:37:01 IST" skipped="0">
  <testcase classname="pimTCs.PIMTest" name="searchUser" time="14.298"/>
  <testcase classname="pimTCs.PIMTest" name="addUser" time="10.422"/>
</testsuite> <!-- pimTCs.PIMTest -->
