<?xml version="1.0" encoding="UTF-8"?>
<!-- Generated by org.testng.reporters.JUnitReportReporter -->
<testsuite hostname="DESKTOP-CTNIRRU" failures="0" tests="2" name="testNGbasics.TC2Learn" time="0.003" errors="0" timestamp="2025-08-08T07:12:25 IST" skipped="0">
  <testcase classname="testNGbasics.TC2Learn" name="test3" time="0.002"/>
  <testcase classname="testNGbasics.TC2Learn" name="test4" time="0.001"/>
</testsuite> <!-- testNGbasics.TC2Learn -->
