<?xml version="1.0" encoding="UTF-8"?>
<!-- Generated by org.testng.reporters.JUnitReportReporter -->
<testsuite hostname="DESKTOP-CTNIRRU" failures="0" tests="2" name="testNGbasics.LearnTestNG" time="4.186" errors="0" timestamp="2025-08-08T07:12:25 IST" skipped="0">
  <testcase classname="testNGbasics.LearnTestNG" name="testLEarn" time="4.185"/>
  <testcase classname="testNGbasics.LearnTestNG" name="testLEarn1" time="0.001"/>
</testsuite> <!-- testNGbasics.LearnTestNG -->
